[02/11/2008 12:27] /goto slash
[02/11/2008 12:27] /i 8376 1
[02/11/2008 12:27] /r
[02/11/2008 12:27] /r
[02/11/2008 12:28] /i 8375 1
[02/11/2008 12:28] /r
[02/11/2008 12:28] /i 8378 1
[02/11/2008 12:28] /r
[02/11/2008 12:30] /B Alguma coisa fora do normal aqui?
[02/11/2008 12:30] /r
[02/11/2008 12:31] /r
[02/11/2008 12:31] /r
[02/11/2008 12:32] /r
[02/11/2008 12:32] /r
[02/11/2008 12:33] /m rat
[02/11/2008 12:34] /a 20
[02/11/2008 12:34] /a 20
[02/11/2008 12:34] /a 20
[02/11/2008 12:34] /a 3
[02/11/2008 12:34] /a 3
[02/11/2008 12:34] /a 3
[02/11/2008 12:34] /a 3
[02/11/2008 12:34] /up
[02/11/2008 12:34] /goto slash
[02/11/2008 12:35] /i 8376 1
[02/11/2008 12:35] /down
[02/11/2008 12:35] /down
[02/11/2008 12:35] /r
[02/11/2008 12:35] /r
[02/11/2008 12:35] /r
[02/11/2008 12:35] /m dmeon
[02/11/2008 12:35] /a 2
[02/11/2008 12:36] /m orshabaal
[02/11/2008 12:36] /m orshabaal
[02/11/2008 12:36] /m orshabaal
[02/11/2008 12:36] /a 2
[02/11/2008 12:37] /town quendor
[02/11/2008 12:37] /goto orshabaal
[02/11/2008 12:37] /r
[02/11/2008 12:37] /a 2
[02/11/2008 12:37] /m dragon
[02/11/2008 12:38] /n sword 1
[02/11/2008 12:38] /n giant sword 1
[02/11/2008 12:39] /m deer
[02/11/2008 12:39] /r
