[01/11/2008 17:33] /town aracura
[01/11/2008 17:34] !online
[01/11/2008 17:35] /B Estou no Help
[01/11/2008 17:39] !online
[02/11/2008 12:17] /B Bom dia pessoal estou no Help para fazer um relatorio do que iremos fazer no 8.3 baseado nos problemas detectados aqui. Quem encontrou alguma ausencia de sistema, falha, desconfiguração, qualquer coisa, por favor vá para o Help.
[02/11/2008 12:55] /B Pessoal o TS será derrubado para correção de todos bugs e erros reportados até agora. Volta em alguns segundos.
[03/11/2008 09:50] /reload actions
[03/11/2008 09:56] /reload actions
[03/11/2008 09:56] /reload actions
[03/11/2008 09:56] /B Bom pessoal mais um problema corrigido, Teleport Scroll já funciona normalmente.
[03/11/2008 10:36] !online
[03/11/2008 10:38] /reload actions
[03/11/2008 10:42] /m dragon
[03/11/2008 10:43] /m demon
[03/11/2008 10:44] /reload potions
[03/11/2008 10:44] /reload actions
[03/11/2008 10:46] /reload actions
[03/11/2008 10:49] /n great health potion
[03/11/2008 10:52] /reload actions
[03/11/2008 10:54] /reload action
[03/11/2008 10:56] /reload actions
[03/11/2008 10:59] /reload actions
[03/11/2008 10:59] /reload actions
